<?xml version="1.0" encoding="UTF-8"?>
<testsuite name="com.juteak.collaboration.CollaborationCrudIntegrationTests" tests="1" skipped="0" failures="0" errors="0" timestamp="2026-04-10T03:46:47.038Z" hostname="LGEDX_1642" time="0.105">
  <properties/>
  <testcase name="createAndReadCoreCollaborationResources()" classname="com.juteak.collaboration.CollaborationCrudIntegrationTests" time="0.099"/>
  <system-out><![CDATA[2026-04-10T12:46:47.039+09:00  INFO 24776 --- [    Test worker] t.c.s.AnnotationConfigContextLoaderUtils : Could not detect default configuration classes for test class [com.juteak.collaboration.CollaborationCrudIntegrationTests]: CollaborationCrudIntegrationTests does not declare any static, non-private, non-final, nested classes annotated with @Configuration.
2026-04-10T12:46:47.039+09:00 DEBUG 24776 --- [    Test worker] .b.t.c.SpringBootTestContextBootstrapper : Using ContextCustomizerFactory implementations for test class [CollaborationCrudIntegrationTests]: [OnFailureConditionReportContextCustomizerFactory, OverrideAutoConfigurationContextCustomizerFactory, ImportsContextCustomizerFactory, PropertyMappingContextCustomizerFactory, ExcludeFilterContextCustomizerFactory, TypeExcludeFiltersContextCustomizerFactory, DisableReactorResourceFactoryGlobalResourcesContextCustomizerFactory, DuplicateJsonObjectContextCustomizerFactory, BeanOverrideContextCustomizerFactory, MockServerContainerContextCustomizerFactory, DynamicPropertiesContextCustomizerFactory, SpringBootTestRandomPortContextCustomizerFactory]
2026-04-10T12:46:47.040+09:00 DEBUG 24776 --- [    Test worker] .b.t.c.SpringBootTestContextBootstrapper : Using ContextCustomizers for test class [CollaborationCrudIntegrationTests]: [OnFailureConditionReportContextCustomizer, PropertyMappingContextCustomizer, ExcludeFilterContextCustomizer, DuplicateJsonObjectContextCustomizer, DynamicPropertiesContextCustomizer, SpringBootTestRandomPortContextCustomizer]
2026-04-10T12:46:47.041+09:00  INFO 24776 --- [    Test worker] .b.t.c.SpringBootTestContextBootstrapper : Found @SpringBootConfiguration com.juteak.collaboration.CollaborationBackendApplication for test class com.juteak.collaboration.CollaborationCrudIntegrationTests
2026-04-10T12:46:47.041+09:00  INFO 24776 --- [    Test worker] t.c.s.AnnotationConfigContextLoaderUtils : Could not detect default configuration classes for test class [com.juteak.collaboration.CollaborationCrudIntegrationTests]: CollaborationCrudIntegrationTests does not declare any static, non-private, non-final, nested classes annotated with @Configuration.
2026-04-10T12:46:47.042+09:00 DEBUG 24776 --- [    Test worker] .b.t.c.SpringBootTestContextBootstrapper : Using ContextCustomizerFactory implementations for test class [CollaborationCrudIntegrationTests]: [OnFailureConditionReportContextCustomizerFactory, OverrideAutoConfigurationContextCustomizerFactory, ImportsContextCustomizerFactory, PropertyMappingContextCustomizerFactory, ExcludeFilterContextCustomizerFactory, TypeExcludeFiltersContextCustomizerFactory, DisableReactorResourceFactoryGlobalResourcesContextCustomizerFactory, DuplicateJsonObjectContextCustomizerFactory, BeanOverrideContextCustomizerFactory, MockServerContainerContextCustomizerFactory, DynamicPropertiesContextCustomizerFactory, SpringBootTestRandomPortContextCustomizerFactory]
2026-04-10T12:46:47.042+09:00 DEBUG 24776 --- [    Test worker] .b.t.c.SpringBootTestContextBootstrapper : Using ContextCustomizers for test class [CollaborationCrudIntegrationTests]: [OnFailureConditionReportContextCustomizer, PropertyMappingContextCustomizer, ExcludeFilterContextCustomizer, DuplicateJsonObjectContextCustomizer, DynamicPropertiesContextCustomizer, SpringBootTestRandomPortContextCustomizer]
2026-04-10T12:46:47.042+09:00  INFO 24776 --- [    Test worker] .b.t.c.SpringBootTestContextBootstrapper : Found @SpringBootConfiguration com.juteak.collaboration.CollaborationBackendApplication for test class com.juteak.collaboration.CollaborationCrudIntegrationTests
2026-04-10T12:46:47.043+09:00 DEBUG 24776 --- [    Test worker] .b.t.c.SpringBootTestContextBootstrapper : Neither @ContextConfiguration nor @ContextHierarchy found for test class [CollaborationCrudIntegrationTests]: using SpringBootContextLoader
2026-04-10T12:46:47.043+09:00 DEBUG 24776 --- [    Test worker] .b.t.c.SpringBootTestContextBootstrapper : Using TestExecutionListeners for test class [CollaborationCrudIntegrationTests]: [ServletTestExecutionListener, DirtiesContextBeforeModesTestExecutionListener, ApplicationEventsTestExecutionListener, BeanOverrideTestExecutionListener, DependencyInjectionTestExecutionListener, DirtiesContextTestExecutionListener, CommonCachesTestExecutionListener, TransactionalTestExecutionListener, SqlScriptsTestExecutionListener, EventPublishingTestExecutionListener, MockitoResetTestExecutionListener]
2026-04-10T12:46:47.046+09:00 DEBUG 24776 --- [    Test worker] org.hibernate.SQL                        : select te1_0.id,te1_0.active,te1_0.description,te1_0.name,te1_0.team_code from collab_team te1_0 where te1_0.team_code=?
2026-04-10T12:46:47.047+09:00 DEBUG 24776 --- [    Test worker] org.hibernate.SQL                        : insert into collab_team (active,description,name,team_code,id) values (?,?,?,?,default)
2026-04-10T12:46:47.049+09:00 DEBUG 24776 --- [    Test worker] org.hibernate.SQL                        : select ue1_0.id,ue1_0.active,ue1_0.email,ue1_0.employee_number,ue1_0.name,ue1_0.password_hash,ue1_0.primary_team_id,ue1_0.role_title,ue1_0.user_role from collab_user ue1_0 where ue1_0.employee_number=?
2026-04-10T12:46:47.049+09:00 DEBUG 24776 --- [    Test worker] org.hibernate.SQL                        : select te1_0.id,te1_0.active,te1_0.description,te1_0.name,te1_0.team_code from collab_team te1_0 where te1_0.team_code=?
2026-04-10T12:46:47.121+09:00 DEBUG 24776 --- [    Test worker] org.hibernate.SQL                        : insert into collab_user (active,email,employee_number,name,password_hash,primary_team_id,role_title,user_role,id) values (?,?,?,?,?,?,?,?,default)
2026-04-10T12:46:47.124+09:00 DEBUG 24776 --- [    Test worker] org.hibernate.SQL                        : select ue1_0.id,ue1_0.active,ue1_0.email,ue1_0.employee_number,ue1_0.name,ue1_0.password_hash,ue1_0.primary_team_id,ue1_0.role_title,ue1_0.user_role from collab_user ue1_0 where ue1_0.id=?
2026-04-10T12:46:47.126+09:00 DEBUG 24776 --- [    Test worker] org.hibernate.SQL                        : select use1_0.id,use1_0.availability_status,use1_0.available_from,use1_0.available_until,use1_0.last_updated_at,use1_0.status_message,use1_0.substitute_user_id,use1_0.user_id from collab_user_status use1_0 where use1_0.user_id=?
2026-04-10T12:46:47.127+09:00 DEBUG 24776 --- [    Test worker] org.hibernate.SQL                        : insert into collab_user_status (availability_status,available_from,available_until,last_updated_at,status_message,substitute_user_id,user_id,id) values (?,?,?,?,?,?,?,default)
2026-04-10T12:46:47.129+09:00 DEBUG 24776 --- [    Test worker] org.hibernate.SQL                        : select wie1_0.id,wie1_0.backup_assignee_id,wie1_0.critical_knowledge_risk,wie1_0.due_date,wie1_0.last_reviewed_at,wie1_0.needs_handover,wie1_0.owning_team_id,wie1_0.primary_assignee_id,wie1_0.priority,wie1_0.summary,wie1_0.title,wie1_0.work_code,wie1_0.work_status from collab_work_item wie1_0 where wie1_0.work_code=?
2026-04-10T12:46:47.130+09:00 DEBUG 24776 --- [    Test worker] org.hibernate.SQL                        : select te1_0.id,te1_0.active,te1_0.description,te1_0.name,te1_0.team_code from collab_team te1_0 where te1_0.team_code=?
2026-04-10T12:46:47.131+09:00 DEBUG 24776 --- [    Test worker] org.hibernate.SQL                        : select ue1_0.id,ue1_0.active,ue1_0.email,ue1_0.employee_number,ue1_0.name,ue1_0.password_hash,ue1_0.primary_team_id,ue1_0.role_title,ue1_0.user_role from collab_user ue1_0 where ue1_0.employee_number=?
2026-04-10T12:46:47.132+09:00 DEBUG 24776 --- [    Test worker] org.hibernate.SQL                        : insert into collab_work_item (backup_assignee_id,critical_knowledge_risk,due_date,last_reviewed_at,needs_handover,owning_team_id,primary_assignee_id,priority,summary,title,work_code,work_status,id) values (?,?,?,?,?,?,?,?,?,?,?,?,default)
2026-04-10T12:46:47.135+09:00 DEBUG 24776 --- [    Test worker] org.hibernate.SQL                        : select wie1_0.id,wie1_0.backup_assignee_id,wie1_0.critical_knowledge_risk,wie1_0.due_date,wie1_0.last_reviewed_at,wie1_0.needs_handover,wie1_0.owning_team_id,wie1_0.primary_assignee_id,wie1_0.priority,wie1_0.summary,wie1_0.title,wie1_0.work_code,wie1_0.work_status from collab_work_item wie1_0 where wie1_0.work_code=?
2026-04-10T12:46:47.138+09:00 DEBUG 24776 --- [    Test worker] org.hibernate.SQL                        : select te1_0.id,te1_0.active,te1_0.description,te1_0.name,te1_0.team_code from collab_team te1_0 where te1_0.id=?
2026-04-10T12:46:47.140+09:00 DEBUG 24776 --- [    Test worker] org.hibernate.SQL                        : select ue1_0.id,ue1_0.active,ue1_0.email,ue1_0.employee_number,ue1_0.name,ue1_0.password_hash,ue1_0.primary_team_id,ue1_0.role_title,ue1_0.user_role from collab_user ue1_0 where ue1_0.id=?
]]></system-out>
  <system-err><![CDATA[]]></system-err>
</testsuite>
