<?xml version="1.0" encoding="UTF-8"?>
<testsuite name="com.juteak.collaboration.QuestionThreadIntegrationTests" tests="1" skipped="0" failures="0" errors="0" timestamp="2026-04-10T03:46:47.424Z" hostname="LGEDX_1642" time="0.409">
  <properties/>
  <testcase name="createQuestionAndRouteToSubstituteWhenTargetIsUnavailable()" classname="com.juteak.collaboration.QuestionThreadIntegrationTests" time="0.403"/>
  <system-out><![CDATA[2026-04-10T12:46:47.426+09:00  INFO 24776 --- [    Test worker] t.c.s.AnnotationConfigContextLoaderUtils : Could not detect default configuration classes for test class [com.juteak.collaboration.QuestionThreadIntegrationTests]: QuestionThreadIntegrationTests does not declare any static, non-private, non-final, nested classes annotated with @Configuration.
2026-04-10T12:46:47.426+09:00 DEBUG 24776 --- [    Test worker] .b.t.c.SpringBootTestContextBootstrapper : Using ContextCustomizerFactory implementations for test class [QuestionThreadIntegrationTests]: [OnFailureConditionReportContextCustomizerFactory, OverrideAutoConfigurationContextCustomizerFactory, ImportsContextCustomizerFactory, PropertyMappingContextCustomizerFactory, ExcludeFilterContextCustomizerFactory, TypeExcludeFiltersContextCustomizerFactory, DisableReactorResourceFactoryGlobalResourcesContextCustomizerFactory, DuplicateJsonObjectContextCustomizerFactory, BeanOverrideContextCustomizerFactory, MockServerContainerContextCustomizerFactory, DynamicPropertiesContextCustomizerFactory, SpringBootTestRandomPortContextCustomizerFactory]
2026-04-10T12:46:47.426+09:00 DEBUG 24776 --- [    Test worker] .b.t.c.SpringBootTestContextBootstrapper : Using ContextCustomizers for test class [QuestionThreadIntegrationTests]: [OnFailureConditionReportContextCustomizer, PropertyMappingContextCustomizer, ExcludeFilterContextCustomizer, DuplicateJsonObjectContextCustomizer, DynamicPropertiesContextCustomizer, SpringBootTestRandomPortContextCustomizer]
2026-04-10T12:46:47.427+09:00  INFO 24776 --- [    Test worker] .b.t.c.SpringBootTestContextBootstrapper : Found @SpringBootConfiguration com.juteak.collaboration.CollaborationBackendApplication for test class com.juteak.collaboration.QuestionThreadIntegrationTests
2026-04-10T12:46:47.427+09:00  INFO 24776 --- [    Test worker] t.c.s.AnnotationConfigContextLoaderUtils : Could not detect default configuration classes for test class [com.juteak.collaboration.QuestionThreadIntegrationTests]: QuestionThreadIntegrationTests does not declare any static, non-private, non-final, nested classes annotated with @Configuration.
2026-04-10T12:46:47.428+09:00 DEBUG 24776 --- [    Test worker] .b.t.c.SpringBootTestContextBootstrapper : Using ContextCustomizerFactory implementations for test class [QuestionThreadIntegrationTests]: [OnFailureConditionReportContextCustomizerFactory, OverrideAutoConfigurationContextCustomizerFactory, ImportsContextCustomizerFactory, PropertyMappingContextCustomizerFactory, ExcludeFilterContextCustomizerFactory, TypeExcludeFiltersContextCustomizerFactory, DisableReactorResourceFactoryGlobalResourcesContextCustomizerFactory, DuplicateJsonObjectContextCustomizerFactory, BeanOverrideContextCustomizerFactory, MockServerContainerContextCustomizerFactory, DynamicPropertiesContextCustomizerFactory, SpringBootTestRandomPortContextCustomizerFactory]
2026-04-10T12:46:47.428+09:00 DEBUG 24776 --- [    Test worker] .b.t.c.SpringBootTestContextBootstrapper : Using ContextCustomizers for test class [QuestionThreadIntegrationTests]: [OnFailureConditionReportContextCustomizer, PropertyMappingContextCustomizer, ExcludeFilterContextCustomizer, DuplicateJsonObjectContextCustomizer, DynamicPropertiesContextCustomizer, SpringBootTestRandomPortContextCustomizer]
2026-04-10T12:46:47.428+09:00  INFO 24776 --- [    Test worker] .b.t.c.SpringBootTestContextBootstrapper : Found @SpringBootConfiguration com.juteak.collaboration.CollaborationBackendApplication for test class com.juteak.collaboration.QuestionThreadIntegrationTests
2026-04-10T12:46:47.428+09:00 DEBUG 24776 --- [    Test worker] .b.t.c.SpringBootTestContextBootstrapper : Neither @ContextConfiguration nor @ContextHierarchy found for test class [QuestionThreadIntegrationTests]: using SpringBootContextLoader
2026-04-10T12:46:47.429+09:00 DEBUG 24776 --- [    Test worker] .b.t.c.SpringBootTestContextBootstrapper : Using TestExecutionListeners for test class [QuestionThreadIntegrationTests]: [ServletTestExecutionListener, DirtiesContextBeforeModesTestExecutionListener, ApplicationEventsTestExecutionListener, BeanOverrideTestExecutionListener, DependencyInjectionTestExecutionListener, DirtiesContextTestExecutionListener, CommonCachesTestExecutionListener, TransactionalTestExecutionListener, SqlScriptsTestExecutionListener, EventPublishingTestExecutionListener, MockitoResetTestExecutionListener]
2026-04-10T12:46:47.433+09:00 DEBUG 24776 --- [    Test worker] org.hibernate.SQL                        : select te1_0.id,te1_0.active,te1_0.description,te1_0.name,te1_0.team_code from collab_team te1_0 where te1_0.team_code=?
2026-04-10T12:46:47.435+09:00 DEBUG 24776 --- [    Test worker] org.hibernate.SQL                        : insert into collab_team (active,description,name,team_code,id) values (?,?,?,?,default)
2026-04-10T12:46:47.438+09:00 DEBUG 24776 --- [    Test worker] org.hibernate.SQL                        : select ue1_0.id,ue1_0.active,ue1_0.email,ue1_0.employee_number,ue1_0.name,ue1_0.password_hash,ue1_0.primary_team_id,ue1_0.role_title,ue1_0.user_role from collab_user ue1_0 where ue1_0.employee_number=?
2026-04-10T12:46:47.439+09:00 DEBUG 24776 --- [    Test worker] org.hibernate.SQL                        : select te1_0.id,te1_0.active,te1_0.description,te1_0.name,te1_0.team_code from collab_team te1_0 where te1_0.team_code=?
2026-04-10T12:46:47.512+09:00 DEBUG 24776 --- [    Test worker] org.hibernate.SQL                        : insert into collab_user (active,email,employee_number,name,password_hash,primary_team_id,role_title,user_role,id) values (?,?,?,?,?,?,?,?,default)
2026-04-10T12:46:47.514+09:00 DEBUG 24776 --- [    Test worker] org.hibernate.SQL                        : select ue1_0.id,ue1_0.active,ue1_0.email,ue1_0.employee_number,ue1_0.name,ue1_0.password_hash,ue1_0.primary_team_id,ue1_0.role_title,ue1_0.user_role from collab_user ue1_0 where ue1_0.employee_number=?
2026-04-10T12:46:47.515+09:00 DEBUG 24776 --- [    Test worker] org.hibernate.SQL                        : select te1_0.id,te1_0.active,te1_0.description,te1_0.name,te1_0.team_code from collab_team te1_0 where te1_0.team_code=?
2026-04-10T12:46:47.589+09:00 DEBUG 24776 --- [    Test worker] org.hibernate.SQL                        : insert into collab_user (active,email,employee_number,name,password_hash,primary_team_id,role_title,user_role,id) values (?,?,?,?,?,?,?,?,default)
2026-04-10T12:46:47.592+09:00 DEBUG 24776 --- [    Test worker] org.hibernate.SQL                        : select ue1_0.id,ue1_0.active,ue1_0.email,ue1_0.employee_number,ue1_0.name,ue1_0.password_hash,ue1_0.primary_team_id,ue1_0.role_title,ue1_0.user_role from collab_user ue1_0 where ue1_0.employee_number=?
2026-04-10T12:46:47.593+09:00 DEBUG 24776 --- [    Test worker] org.hibernate.SQL                        : select te1_0.id,te1_0.active,te1_0.description,te1_0.name,te1_0.team_code from collab_team te1_0 where te1_0.team_code=?
2026-04-10T12:46:47.680+09:00 DEBUG 24776 --- [    Test worker] org.hibernate.SQL                        : insert into collab_user (active,email,employee_number,name,password_hash,primary_team_id,role_title,user_role,id) values (?,?,?,?,?,?,?,?,default)
2026-04-10T12:46:47.685+09:00 DEBUG 24776 --- [    Test worker] org.hibernate.SQL                        : select ue1_0.id,ue1_0.active,ue1_0.email,ue1_0.employee_number,ue1_0.name,ue1_0.password_hash,ue1_0.primary_team_id,ue1_0.role_title,ue1_0.user_role from collab_user ue1_0 where ue1_0.id=?
2026-04-10T12:46:47.688+09:00 DEBUG 24776 --- [    Test worker] org.hibernate.SQL                        : select ue1_0.id,ue1_0.active,ue1_0.email,ue1_0.employee_number,ue1_0.name,ue1_0.password_hash,ue1_0.primary_team_id,ue1_0.role_title,ue1_0.user_role from collab_user ue1_0 where ue1_0.employee_number=?
2026-04-10T12:46:47.691+09:00 DEBUG 24776 --- [    Test worker] org.hibernate.SQL                        : select use1_0.id,use1_0.availability_status,use1_0.available_from,use1_0.available_until,use1_0.last_updated_at,use1_0.status_message,use1_0.substitute_user_id,use1_0.user_id from collab_user_status use1_0 where use1_0.user_id=?
2026-04-10T12:46:47.693+09:00 DEBUG 24776 --- [    Test worker] org.hibernate.SQL                        : insert into collab_user_status (availability_status,available_from,available_until,last_updated_at,status_message,substitute_user_id,user_id,id) values (?,?,?,?,?,?,?,default)
2026-04-10T12:46:47.697+09:00 DEBUG 24776 --- [    Test worker] org.hibernate.SQL                        : select ue1_0.id,ue1_0.active,ue1_0.email,ue1_0.employee_number,ue1_0.name,ue1_0.password_hash,ue1_0.primary_team_id,ue1_0.role_title,ue1_0.user_role from collab_user ue1_0 where ue1_0.employee_number=?
2026-04-10T12:46:47.699+09:00 DEBUG 24776 --- [    Test worker] org.hibernate.SQL                        : select te1_0.id,te1_0.active,te1_0.description,te1_0.name,te1_0.team_code from collab_team te1_0 where te1_0.team_code=?
2026-04-10T12:46:47.702+09:00 DEBUG 24776 --- [    Test worker] org.hibernate.SQL                        : select ue1_0.id,ue1_0.active,ue1_0.email,ue1_0.employee_number,ue1_0.name,ue1_0.password_hash,ue1_0.primary_team_id,ue1_0.role_title,ue1_0.user_role from collab_user ue1_0 where ue1_0.employee_number=?
2026-04-10T12:46:47.704+09:00 DEBUG 24776 --- [    Test worker] org.hibernate.SQL                        : select use1_0.id,use1_0.availability_status,use1_0.available_from,use1_0.available_until,use1_0.last_updated_at,use1_0.status_message,use1_0.substitute_user_id,use1_0.user_id from collab_user_status use1_0 where use1_0.user_id=?
2026-04-10T12:46:47.708+09:00 DEBUG 24776 --- [    Test worker] org.hibernate.SQL                        : select use1_0.id,use1_0.availability_status,use1_0.available_from,use1_0.available_until,use1_0.last_updated_at,use1_0.status_message,use1_0.substitute_user_id,use1_0.user_id from collab_user_status use1_0 where use1_0.user_id=?
2026-04-10T12:46:47.710+09:00 DEBUG 24776 --- [    Test worker] org.hibernate.SQL                        : insert into collab_question_thread (created_at,question_body,question_status,requested_by_id,resolution_summary,routed_user_id,source_work_code,target_team_id,target_user_id,title,id) values (?,?,?,?,?,?,?,?,?,?,default)
2026-04-10T12:46:47.715+09:00 DEBUG 24776 --- [    Test worker] org.hibernate.SQL                        : insert into collab_notification (body,created_at,link_path,notification_type,read,title,user_id,id) values (?,?,?,?,?,?,?,default)
2026-04-10T12:46:47.716+09:00 DEBUG 24776 --- [    Test worker] org.hibernate.SQL                        : select ue1_0.id,ue1_0.active,ue1_0.email,ue1_0.employee_number,ue1_0.name,ue1_0.password_hash,ue1_0.primary_team_id,ue1_0.role_title,ue1_0.user_role from collab_user ue1_0 where ue1_0.id=?
2026-04-10T12:46:47.718+09:00 DEBUG 24776 --- [    Test worker] org.hibernate.SQL                        : insert into collab_notification (body,created_at,link_path,notification_type,read,title,user_id,id) values (?,?,?,?,?,?,?,default)
2026-04-10T12:46:47.725+09:00 DEBUG 24776 --- [    Test worker] org.hibernate.SQL                        : select ue1_0.id,ue1_0.active,ue1_0.email,ue1_0.employee_number,ue1_0.name,ue1_0.password_hash,ue1_0.primary_team_id,ue1_0.role_title,ue1_0.user_role from collab_user ue1_0 where ue1_0.employee_number=?
2026-04-10T12:46:47.764+09:00 DEBUG 24776 --- [    Test worker] org.hibernate.SQL                        : select ne1_0.id,ne1_0.body,ne1_0.created_at,ne1_0.link_path,ne1_0.notification_type,ne1_0.read,ne1_0.title,ne1_0.user_id from collab_notification ne1_0 left join collab_user u1_0 on u1_0.id=ne1_0.user_id where u1_0.employee_number=? order by ne1_0.created_at desc
2026-04-10T12:46:47.774+09:00 DEBUG 24776 --- [    Test worker] org.hibernate.SQL                        : select ue1_0.id,ue1_0.active,ue1_0.email,ue1_0.employee_number,ue1_0.name,ue1_0.password_hash,ue1_0.primary_team_id,ue1_0.role_title,ue1_0.user_role from collab_user ue1_0 where ue1_0.employee_number=?
2026-04-10T12:46:47.777+09:00 DEBUG 24776 --- [    Test worker] org.hibernate.SQL                        : select ne1_0.id,ne1_0.body,ne1_0.created_at,ne1_0.link_path,ne1_0.notification_type,ne1_0.read,ne1_0.title,ne1_0.user_id from collab_notification ne1_0 left join collab_user u1_0 on u1_0.id=ne1_0.user_id where u1_0.employee_number=? order by ne1_0.created_at desc
2026-04-10T12:46:47.781+09:00 DEBUG 24776 --- [    Test worker] org.hibernate.SQL                        : select qte1_0.id,qte1_0.created_at,qte1_0.question_body,qte1_0.question_status,qte1_0.requested_by_id,qte1_0.resolution_summary,qte1_0.routed_user_id,qte1_0.source_work_code,qte1_0.target_team_id,qte1_0.target_user_id,qte1_0.title from collab_question_thread qte1_0 where qte1_0.id=?
2026-04-10T12:46:47.785+09:00 DEBUG 24776 --- [    Test worker] org.hibernate.SQL                        : select ue1_0.id,ue1_0.active,ue1_0.email,ue1_0.employee_number,ue1_0.name,ue1_0.password_hash,ue1_0.primary_team_id,ue1_0.role_title,ue1_0.user_role from collab_user ue1_0 where ue1_0.employee_number=?
2026-04-10T12:46:47.789+09:00 DEBUG 24776 --- [    Test worker] org.hibernate.SQL                        : insert into collab_question_answer (accepted,answer_body,answered_by_id,created_at,question_thread_id,id) values (?,?,?,?,?,default)
2026-04-10T12:46:47.793+09:00 DEBUG 24776 --- [    Test worker] org.hibernate.SQL                        : insert into collab_notification (body,created_at,link_path,notification_type,read,title,user_id,id) values (?,?,?,?,?,?,?,default)
2026-04-10T12:46:47.807+09:00 DEBUG 24776 --- [    Test worker] org.hibernate.SQL                        : update collab_question_thread set created_at=?,question_body=?,question_status=?,requested_by_id=?,resolution_summary=?,routed_user_id=?,source_work_code=?,target_team_id=?,target_user_id=?,title=? where id=?
2026-04-10T12:46:47.813+09:00 DEBUG 24776 --- [    Test worker] org.hibernate.SQL                        : select qte1_0.id,qte1_0.created_at,qte1_0.question_body,qte1_0.question_status,qte1_0.requested_by_id,qte1_0.resolution_summary,qte1_0.routed_user_id,qte1_0.source_work_code,qte1_0.target_team_id,qte1_0.target_user_id,qte1_0.title from collab_question_thread qte1_0 where qte1_0.id=?
2026-04-10T12:46:47.819+09:00 DEBUG 24776 --- [    Test worker] org.hibernate.SQL                        : select qae1_0.id,qae1_0.accepted,qae1_0.answer_body,qae1_0.answered_by_id,qae1_0.created_at,qae1_0.question_thread_id from collab_question_answer qae1_0 where qae1_0.question_thread_id=? order by qae1_0.created_at
2026-04-10T12:46:47.820+09:00 DEBUG 24776 --- [    Test worker] org.hibernate.SQL                        : select ue1_0.id,ue1_0.active,ue1_0.email,ue1_0.employee_number,ue1_0.name,ue1_0.password_hash,ue1_0.primary_team_id,ue1_0.role_title,ue1_0.user_role from collab_user ue1_0 where ue1_0.id=?
2026-04-10T12:46:47.821+09:00 DEBUG 24776 --- [    Test worker] org.hibernate.SQL                        : select te1_0.id,te1_0.active,te1_0.description,te1_0.name,te1_0.team_code from collab_team te1_0 where te1_0.id=?
2026-04-10T12:46:47.822+09:00 DEBUG 24776 --- [    Test worker] org.hibernate.SQL                        : select ue1_0.id,ue1_0.active,ue1_0.email,ue1_0.employee_number,ue1_0.name,ue1_0.password_hash,ue1_0.primary_team_id,ue1_0.role_title,ue1_0.user_role from collab_user ue1_0 where ue1_0.id=?
2026-04-10T12:46:47.822+09:00 DEBUG 24776 --- [    Test worker] org.hibernate.SQL                        : select ue1_0.id,ue1_0.active,ue1_0.email,ue1_0.employee_number,ue1_0.name,ue1_0.password_hash,ue1_0.primary_team_id,ue1_0.role_title,ue1_0.user_role from collab_user ue1_0 where ue1_0.id=?
2026-04-10T12:46:47.823+09:00 DEBUG 24776 --- [    Test worker] org.hibernate.SQL                        : select ue1_0.id,ue1_0.active,ue1_0.email,ue1_0.employee_number,ue1_0.name,ue1_0.password_hash,ue1_0.primary_team_id,ue1_0.role_title,ue1_0.user_role from collab_user ue1_0 where ue1_0.employee_number=?
2026-04-10T12:46:47.824+09:00 DEBUG 24776 --- [    Test worker] org.hibernate.SQL                        : select ne1_0.id,ne1_0.body,ne1_0.created_at,ne1_0.link_path,ne1_0.notification_type,ne1_0.read,ne1_0.title,ne1_0.user_id from collab_notification ne1_0 left join collab_user u1_0 on u1_0.id=ne1_0.user_id where u1_0.employee_number=? order by ne1_0.created_at desc
]]></system-out>
  <system-err><![CDATA[]]></system-err>
</testsuite>
