<?xml version="1.0" encoding="UTF-8"?>
<testsuite name="com.juteak.collaboration.SignupRequestIntegrationTests" tests="1" skipped="0" failures="0" errors="0" timestamp="2026-04-10T03:46:47.836Z" hostname="LGEDX_1642" time="0.127">
  <properties/>
  <testcase name="createAndApproveSignupRequest()" classname="com.juteak.collaboration.SignupRequestIntegrationTests" time="0.119"/>
  <system-out><![CDATA[2026-04-10T12:46:47.837+09:00  INFO 24776 --- [    Test worker] t.c.s.AnnotationConfigContextLoaderUtils : Could not detect default configuration classes for test class [com.juteak.collaboration.SignupRequestIntegrationTests]: SignupRequestIntegrationTests does not declare any static, non-private, non-final, nested classes annotated with @Configuration.
2026-04-10T12:46:47.838+09:00 DEBUG 24776 --- [    Test worker] .b.t.c.SpringBootTestContextBootstrapper : Using ContextCustomizerFactory implementations for test class [SignupRequestIntegrationTests]: [OnFailureConditionReportContextCustomizerFactory, OverrideAutoConfigurationContextCustomizerFactory, ImportsContextCustomizerFactory, PropertyMappingContextCustomizerFactory, ExcludeFilterContextCustomizerFactory, TypeExcludeFiltersContextCustomizerFactory, DisableReactorResourceFactoryGlobalResourcesContextCustomizerFactory, DuplicateJsonObjectContextCustomizerFactory, BeanOverrideContextCustomizerFactory, MockServerContainerContextCustomizerFactory, DynamicPropertiesContextCustomizerFactory, SpringBootTestRandomPortContextCustomizerFactory]
2026-04-10T12:46:47.839+09:00 DEBUG 24776 --- [    Test worker] .b.t.c.SpringBootTestContextBootstrapper : Using ContextCustomizers for test class [SignupRequestIntegrationTests]: [OnFailureConditionReportContextCustomizer, PropertyMappingContextCustomizer, ExcludeFilterContextCustomizer, DuplicateJsonObjectContextCustomizer, DynamicPropertiesContextCustomizer, SpringBootTestRandomPortContextCustomizer]
2026-04-10T12:46:47.840+09:00  INFO 24776 --- [    Test worker] .b.t.c.SpringBootTestContextBootstrapper : Found @SpringBootConfiguration com.juteak.collaboration.CollaborationBackendApplication for test class com.juteak.collaboration.SignupRequestIntegrationTests
2026-04-10T12:46:47.841+09:00  INFO 24776 --- [    Test worker] t.c.s.AnnotationConfigContextLoaderUtils : Could not detect default configuration classes for test class [com.juteak.collaboration.SignupRequestIntegrationTests]: SignupRequestIntegrationTests does not declare any static, non-private, non-final, nested classes annotated with @Configuration.
2026-04-10T12:46:47.841+09:00 DEBUG 24776 --- [    Test worker] .b.t.c.SpringBootTestContextBootstrapper : Using ContextCustomizerFactory implementations for test class [SignupRequestIntegrationTests]: [OnFailureConditionReportContextCustomizerFactory, OverrideAutoConfigurationContextCustomizerFactory, ImportsContextCustomizerFactory, PropertyMappingContextCustomizerFactory, ExcludeFilterContextCustomizerFactory, TypeExcludeFiltersContextCustomizerFactory, DisableReactorResourceFactoryGlobalResourcesContextCustomizerFactory, DuplicateJsonObjectContextCustomizerFactory, BeanOverrideContextCustomizerFactory, MockServerContainerContextCustomizerFactory, DynamicPropertiesContextCustomizerFactory, SpringBootTestRandomPortContextCustomizerFactory]
2026-04-10T12:46:47.841+09:00 DEBUG 24776 --- [    Test worker] .b.t.c.SpringBootTestContextBootstrapper : Using ContextCustomizers for test class [SignupRequestIntegrationTests]: [OnFailureConditionReportContextCustomizer, PropertyMappingContextCustomizer, ExcludeFilterContextCustomizer, DuplicateJsonObjectContextCustomizer, DynamicPropertiesContextCustomizer, SpringBootTestRandomPortContextCustomizer]
2026-04-10T12:46:47.842+09:00  INFO 24776 --- [    Test worker] .b.t.c.SpringBootTestContextBootstrapper : Found @SpringBootConfiguration com.juteak.collaboration.CollaborationBackendApplication for test class com.juteak.collaboration.SignupRequestIntegrationTests
2026-04-10T12:46:47.842+09:00 DEBUG 24776 --- [    Test worker] .b.t.c.SpringBootTestContextBootstrapper : Neither @ContextConfiguration nor @ContextHierarchy found for test class [SignupRequestIntegrationTests]: using SpringBootContextLoader
2026-04-10T12:46:47.843+09:00 DEBUG 24776 --- [    Test worker] .b.t.c.SpringBootTestContextBootstrapper : Using TestExecutionListeners for test class [SignupRequestIntegrationTests]: [ServletTestExecutionListener, DirtiesContextBeforeModesTestExecutionListener, ApplicationEventsTestExecutionListener, BeanOverrideTestExecutionListener, DependencyInjectionTestExecutionListener, DirtiesContextTestExecutionListener, CommonCachesTestExecutionListener, TransactionalTestExecutionListener, SqlScriptsTestExecutionListener, EventPublishingTestExecutionListener, MockitoResetTestExecutionListener]
2026-04-10T12:46:47.846+09:00 DEBUG 24776 --- [    Test worker] org.hibernate.SQL                        : select te1_0.id,te1_0.active,te1_0.description,te1_0.name,te1_0.team_code from collab_team te1_0 where te1_0.team_code=?
2026-04-10T12:46:47.847+09:00 DEBUG 24776 --- [    Test worker] org.hibernate.SQL                        : insert into collab_team (active,description,name,team_code,id) values (?,?,?,?,default)
2026-04-10T12:46:47.850+09:00 DEBUG 24776 --- [    Test worker] org.hibernate.SQL                        : select ue1_0.id,ue1_0.active,ue1_0.email,ue1_0.employee_number,ue1_0.name,ue1_0.password_hash,ue1_0.primary_team_id,ue1_0.role_title,ue1_0.user_role from collab_user ue1_0 where ue1_0.employee_number=?
2026-04-10T12:46:47.854+09:00 DEBUG 24776 --- [    Test worker] org.hibernate.SQL                        : select sre1_0.id,sre1_0.created_at,sre1_0.email,sre1_0.employee_number,sre1_0.name,sre1_0.password_hash,sre1_0.request_status,sre1_0.requested_team_code,sre1_0.requested_team_name,sre1_0.review_note,sre1_0.reviewed_at,sre1_0.reviewed_by_user_id,sre1_0.role_title,sre1_0.user_role from collab_signup_request sre1_0 where sre1_0.employee_number=?
2026-04-10T12:46:47.860+09:00 DEBUG 24776 --- [    Test worker] org.hibernate.SQL                        : select sre1_0.id,sre1_0.created_at,sre1_0.email,sre1_0.employee_number,sre1_0.name,sre1_0.password_hash,sre1_0.request_status,sre1_0.requested_team_code,sre1_0.requested_team_name,sre1_0.review_note,sre1_0.reviewed_at,sre1_0.reviewed_by_user_id,sre1_0.role_title,sre1_0.user_role from collab_signup_request sre1_0 where sre1_0.email=?
2026-04-10T12:46:47.938+09:00 DEBUG 24776 --- [    Test worker] org.hibernate.SQL                        : insert into collab_signup_request (created_at,email,employee_number,name,password_hash,request_status,requested_team_code,requested_team_name,review_note,reviewed_at,reviewed_by_user_id,role_title,user_role,id) values (?,?,?,?,?,?,?,?,?,?,?,?,?,default)
2026-04-10T12:46:47.944+09:00 DEBUG 24776 --- [    Test worker] org.hibernate.SQL                        : select ue1_0.id,ue1_0.active,ue1_0.email,ue1_0.employee_number,ue1_0.name,ue1_0.password_hash,ue1_0.primary_team_id,ue1_0.role_title,ue1_0.user_role from collab_user ue1_0 where ue1_0.employee_number=?
2026-04-10T12:46:47.947+09:00 DEBUG 24776 --- [    Test worker] org.hibernate.SQL                        : select sre1_0.id,sre1_0.created_at,sre1_0.email,sre1_0.employee_number,sre1_0.name,sre1_0.password_hash,sre1_0.request_status,sre1_0.requested_team_code,sre1_0.requested_team_name,sre1_0.review_note,sre1_0.reviewed_at,sre1_0.reviewed_by_user_id,sre1_0.role_title,sre1_0.user_role from collab_signup_request sre1_0 where sre1_0.request_status=? order by sre1_0.created_at
2026-04-10T12:46:47.950+09:00 DEBUG 24776 --- [    Test worker] org.hibernate.SQL                        : select ue1_0.id,ue1_0.active,ue1_0.email,ue1_0.employee_number,ue1_0.name,ue1_0.password_hash,ue1_0.primary_team_id,ue1_0.role_title,ue1_0.user_role from collab_user ue1_0 where ue1_0.employee_number=?
2026-04-10T12:46:47.952+09:00 DEBUG 24776 --- [    Test worker] org.hibernate.SQL                        : select sre1_0.id,sre1_0.created_at,sre1_0.email,sre1_0.employee_number,sre1_0.name,sre1_0.password_hash,sre1_0.request_status,sre1_0.requested_team_code,sre1_0.requested_team_name,sre1_0.review_note,sre1_0.reviewed_at,sre1_0.reviewed_by_user_id,sre1_0.role_title,sre1_0.user_role from collab_signup_request sre1_0 where sre1_0.id=?
2026-04-10T12:46:47.954+09:00 DEBUG 24776 --- [    Test worker] org.hibernate.SQL                        : select te1_0.id,te1_0.active,te1_0.description,te1_0.name,te1_0.team_code from collab_team te1_0 where te1_0.team_code=?
2026-04-10T12:46:47.955+09:00 DEBUG 24776 --- [    Test worker] org.hibernate.SQL                        : select ue1_0.id,ue1_0.active,ue1_0.email,ue1_0.employee_number,ue1_0.name,ue1_0.password_hash,ue1_0.primary_team_id,ue1_0.role_title,ue1_0.user_role from collab_user ue1_0 where ue1_0.employee_number=?
2026-04-10T12:46:47.956+09:00 DEBUG 24776 --- [    Test worker] org.hibernate.SQL                        : insert into collab_user (active,email,employee_number,name,password_hash,primary_team_id,role_title,user_role,id) values (?,?,?,?,?,?,?,?,default)
2026-04-10T12:46:47.958+09:00 DEBUG 24776 --- [    Test worker] org.hibernate.SQL                        : update collab_signup_request set created_at=?,email=?,employee_number=?,name=?,password_hash=?,request_status=?,requested_team_code=?,requested_team_name=?,review_note=?,reviewed_at=?,reviewed_by_user_id=?,role_title=?,user_role=? where id=?
2026-04-10T12:46:47.959+09:00 DEBUG 24776 --- [    Test worker] org.hibernate.SQL                        : select ue1_0.id,ue1_0.active,ue1_0.email,ue1_0.employee_number,ue1_0.name,ue1_0.password_hash,ue1_0.primary_team_id,ue1_0.role_title,ue1_0.user_role from collab_user ue1_0 where ue1_0.employee_number=?
2026-04-10T12:46:47.961+09:00 DEBUG 24776 --- [    Test worker] org.hibernate.SQL                        : select te1_0.id,te1_0.active,te1_0.description,te1_0.name,te1_0.team_code from collab_team te1_0 where te1_0.id=?
]]></system-out>
  <system-err><![CDATA[]]></system-err>
</testsuite>
