<?xml version="1.0" encoding="UTF-8"?>
<testsuite name="com.juteak.collaboration.CollaborationBackendApplicationTests" tests="1" skipped="0" failures="0" errors="0" timestamp="2026-04-10T03:46:47.028Z" hostname="LGEDX_1642" time="0.008">
  <properties/>
  <testcase name="contextLoads()" classname="com.juteak.collaboration.CollaborationBackendApplicationTests" time="0.002"/>
  <system-out><![CDATA[2026-04-10T12:46:47.029+09:00  INFO 24776 --- [    Test worker] t.c.s.AnnotationConfigContextLoaderUtils : Could not detect default configuration classes for test class [com.juteak.collaboration.CollaborationBackendApplicationTests]: CollaborationBackendApplicationTests does not declare any static, non-private, non-final, nested classes annotated with @Configuration.
2026-04-10T12:46:47.029+09:00 DEBUG 24776 --- [    Test worker] .b.t.c.SpringBootTestContextBootstrapper : Using ContextCustomizerFactory implementations for test class [CollaborationBackendApplicationTests]: [OnFailureConditionReportContextCustomizerFactory, OverrideAutoConfigurationContextCustomizerFactory, ImportsContextCustomizerFactory, PropertyMappingContextCustomizerFactory, ExcludeFilterContextCustomizerFactory, TypeExcludeFiltersContextCustomizerFactory, DisableReactorResourceFactoryGlobalResourcesContextCustomizerFactory, DuplicateJsonObjectContextCustomizerFactory, BeanOverrideContextCustomizerFactory, MockServerContainerContextCustomizerFactory, DynamicPropertiesContextCustomizerFactory, SpringBootTestRandomPortContextCustomizerFactory]
2026-04-10T12:46:47.030+09:00 DEBUG 24776 --- [    Test worker] .b.t.c.SpringBootTestContextBootstrapper : Using ContextCustomizers for test class [CollaborationBackendApplicationTests]: [OnFailureConditionReportContextCustomizer, PropertyMappingContextCustomizer, ExcludeFilterContextCustomizer, DuplicateJsonObjectContextCustomizer, DynamicPropertiesContextCustomizer, SpringBootTestRandomPortContextCustomizer]
2026-04-10T12:46:47.030+09:00  INFO 24776 --- [    Test worker] .b.t.c.SpringBootTestContextBootstrapper : Found @SpringBootConfiguration com.juteak.collaboration.CollaborationBackendApplication for test class com.juteak.collaboration.CollaborationBackendApplicationTests
2026-04-10T12:46:47.031+09:00  INFO 24776 --- [    Test worker] t.c.s.AnnotationConfigContextLoaderUtils : Could not detect default configuration classes for test class [com.juteak.collaboration.CollaborationBackendApplicationTests]: CollaborationBackendApplicationTests does not declare any static, non-private, non-final, nested classes annotated with @Configuration.
2026-04-10T12:46:47.031+09:00 DEBUG 24776 --- [    Test worker] .b.t.c.SpringBootTestContextBootstrapper : Using ContextCustomizerFactory implementations for test class [CollaborationBackendApplicationTests]: [OnFailureConditionReportContextCustomizerFactory, OverrideAutoConfigurationContextCustomizerFactory, ImportsContextCustomizerFactory, PropertyMappingContextCustomizerFactory, ExcludeFilterContextCustomizerFactory, TypeExcludeFiltersContextCustomizerFactory, DisableReactorResourceFactoryGlobalResourcesContextCustomizerFactory, DuplicateJsonObjectContextCustomizerFactory, BeanOverrideContextCustomizerFactory, MockServerContainerContextCustomizerFactory, DynamicPropertiesContextCustomizerFactory, SpringBootTestRandomPortContextCustomizerFactory]
2026-04-10T12:46:47.031+09:00 DEBUG 24776 --- [    Test worker] .b.t.c.SpringBootTestContextBootstrapper : Using ContextCustomizers for test class [CollaborationBackendApplicationTests]: [OnFailureConditionReportContextCustomizer, PropertyMappingContextCustomizer, ExcludeFilterContextCustomizer, DuplicateJsonObjectContextCustomizer, DynamicPropertiesContextCustomizer, SpringBootTestRandomPortContextCustomizer]
2026-04-10T12:46:47.032+09:00  INFO 24776 --- [    Test worker] .b.t.c.SpringBootTestContextBootstrapper : Found @SpringBootConfiguration com.juteak.collaboration.CollaborationBackendApplication for test class com.juteak.collaboration.CollaborationBackendApplicationTests
2026-04-10T12:46:47.032+09:00 DEBUG 24776 --- [    Test worker] .b.t.c.SpringBootTestContextBootstrapper : Neither @ContextConfiguration nor @ContextHierarchy found for test class [CollaborationBackendApplicationTests]: using SpringBootContextLoader
2026-04-10T12:46:47.033+09:00 DEBUG 24776 --- [    Test worker] .b.t.c.SpringBootTestContextBootstrapper : Using TestExecutionListeners for test class [CollaborationBackendApplicationTests]: [ServletTestExecutionListener, DirtiesContextBeforeModesTestExecutionListener, ApplicationEventsTestExecutionListener, BeanOverrideTestExecutionListener, DependencyInjectionTestExecutionListener, DirtiesContextTestExecutionListener, CommonCachesTestExecutionListener, TransactionalTestExecutionListener, SqlScriptsTestExecutionListener, EventPublishingTestExecutionListener, MockitoResetTestExecutionListener]
]]></system-out>
  <system-err><![CDATA[]]></system-err>
</testsuite>
