<?xml version="1.0" encoding="UTF-8"?>
<testsuite name="com.juteak.collaboration.HandoverDocumentIntegrationTests" tests="2" skipped="0" failures="0" errors="0" timestamp="2026-04-10T03:46:47.144Z" hostname="LGEDX_1642" time="0.279">
  <properties/>
  <testcase name="memberCannotCreateHandoverDocument()" classname="com.juteak.collaboration.HandoverDocumentIntegrationTests" time="0.093"/>
  <testcase name="managerCanCreateAndReadHandoverDocument()" classname="com.juteak.collaboration.HandoverDocumentIntegrationTests" time="0.177"/>
  <system-out><![CDATA[2026-04-10T12:46:47.145+09:00  INFO 24776 --- [    Test worker] t.c.s.AnnotationConfigContextLoaderUtils : Could not detect default configuration classes for test class [com.juteak.collaboration.HandoverDocumentIntegrationTests]: HandoverDocumentIntegrationTests does not declare any static, non-private, non-final, nested classes annotated with @Configuration.
2026-04-10T12:46:47.145+09:00 DEBUG 24776 --- [    Test worker] .b.t.c.SpringBootTestContextBootstrapper : Using ContextCustomizerFactory implementations for test class [HandoverDocumentIntegrationTests]: [OnFailureConditionReportContextCustomizerFactory, OverrideAutoConfigurationContextCustomizerFactory, ImportsContextCustomizerFactory, PropertyMappingContextCustomizerFactory, ExcludeFilterContextCustomizerFactory, TypeExcludeFiltersContextCustomizerFactory, DisableReactorResourceFactoryGlobalResourcesContextCustomizerFactory, DuplicateJsonObjectContextCustomizerFactory, BeanOverrideContextCustomizerFactory, MockServerContainerContextCustomizerFactory, DynamicPropertiesContextCustomizerFactory, SpringBootTestRandomPortContextCustomizerFactory]
2026-04-10T12:46:47.146+09:00 DEBUG 24776 --- [    Test worker] .b.t.c.SpringBootTestContextBootstrapper : Using ContextCustomizers for test class [HandoverDocumentIntegrationTests]: [OnFailureConditionReportContextCustomizer, PropertyMappingContextCustomizer, ExcludeFilterContextCustomizer, DuplicateJsonObjectContextCustomizer, DynamicPropertiesContextCustomizer, SpringBootTestRandomPortContextCustomizer]
2026-04-10T12:46:47.147+09:00  INFO 24776 --- [    Test worker] .b.t.c.SpringBootTestContextBootstrapper : Found @SpringBootConfiguration com.juteak.collaboration.CollaborationBackendApplication for test class com.juteak.collaboration.HandoverDocumentIntegrationTests
2026-04-10T12:46:47.147+09:00  INFO 24776 --- [    Test worker] t.c.s.AnnotationConfigContextLoaderUtils : Could not detect default configuration classes for test class [com.juteak.collaboration.HandoverDocumentIntegrationTests]: HandoverDocumentIntegrationTests does not declare any static, non-private, non-final, nested classes annotated with @Configuration.
2026-04-10T12:46:47.147+09:00 DEBUG 24776 --- [    Test worker] .b.t.c.SpringBootTestContextBootstrapper : Using ContextCustomizerFactory implementations for test class [HandoverDocumentIntegrationTests]: [OnFailureConditionReportContextCustomizerFactory, OverrideAutoConfigurationContextCustomizerFactory, ImportsContextCustomizerFactory, PropertyMappingContextCustomizerFactory, ExcludeFilterContextCustomizerFactory, TypeExcludeFiltersContextCustomizerFactory, DisableReactorResourceFactoryGlobalResourcesContextCustomizerFactory, DuplicateJsonObjectContextCustomizerFactory, BeanOverrideContextCustomizerFactory, MockServerContainerContextCustomizerFactory, DynamicPropertiesContextCustomizerFactory, SpringBootTestRandomPortContextCustomizerFactory]
2026-04-10T12:46:47.147+09:00 DEBUG 24776 --- [    Test worker] .b.t.c.SpringBootTestContextBootstrapper : Using ContextCustomizers for test class [HandoverDocumentIntegrationTests]: [OnFailureConditionReportContextCustomizer, PropertyMappingContextCustomizer, ExcludeFilterContextCustomizer, DuplicateJsonObjectContextCustomizer, DynamicPropertiesContextCustomizer, SpringBootTestRandomPortContextCustomizer]
2026-04-10T12:46:47.149+09:00  INFO 24776 --- [    Test worker] .b.t.c.SpringBootTestContextBootstrapper : Found @SpringBootConfiguration com.juteak.collaboration.CollaborationBackendApplication for test class com.juteak.collaboration.HandoverDocumentIntegrationTests
2026-04-10T12:46:47.149+09:00 DEBUG 24776 --- [    Test worker] .b.t.c.SpringBootTestContextBootstrapper : Neither @ContextConfiguration nor @ContextHierarchy found for test class [HandoverDocumentIntegrationTests]: using SpringBootContextLoader
2026-04-10T12:46:47.149+09:00 DEBUG 24776 --- [    Test worker] .b.t.c.SpringBootTestContextBootstrapper : Using TestExecutionListeners for test class [HandoverDocumentIntegrationTests]: [ServletTestExecutionListener, DirtiesContextBeforeModesTestExecutionListener, ApplicationEventsTestExecutionListener, BeanOverrideTestExecutionListener, DependencyInjectionTestExecutionListener, DirtiesContextTestExecutionListener, CommonCachesTestExecutionListener, TransactionalTestExecutionListener, SqlScriptsTestExecutionListener, EventPublishingTestExecutionListener, MockitoResetTestExecutionListener]
2026-04-10T12:46:47.154+09:00 DEBUG 24776 --- [    Test worker] org.hibernate.SQL                        : select te1_0.id,te1_0.active,te1_0.description,te1_0.name,te1_0.team_code from collab_team te1_0 where te1_0.team_code=?
2026-04-10T12:46:47.155+09:00 DEBUG 24776 --- [    Test worker] org.hibernate.SQL                        : insert into collab_team (active,description,name,team_code,id) values (?,?,?,?,default)
2026-04-10T12:46:47.157+09:00 DEBUG 24776 --- [    Test worker] org.hibernate.SQL                        : select ue1_0.id,ue1_0.active,ue1_0.email,ue1_0.employee_number,ue1_0.name,ue1_0.password_hash,ue1_0.primary_team_id,ue1_0.role_title,ue1_0.user_role from collab_user ue1_0 where ue1_0.employee_number=?
2026-04-10T12:46:47.158+09:00 DEBUG 24776 --- [    Test worker] org.hibernate.SQL                        : select te1_0.id,te1_0.active,te1_0.description,te1_0.name,te1_0.team_code from collab_team te1_0 where te1_0.team_code=?
2026-04-10T12:46:47.228+09:00 DEBUG 24776 --- [    Test worker] org.hibernate.SQL                        : insert into collab_user (active,email,employee_number,name,password_hash,primary_team_id,role_title,user_role,id) values (?,?,?,?,?,?,?,?,default)
2026-04-10T12:46:47.231+09:00 DEBUG 24776 --- [    Test worker] org.hibernate.SQL                        : select wie1_0.id,wie1_0.backup_assignee_id,wie1_0.critical_knowledge_risk,wie1_0.due_date,wie1_0.last_reviewed_at,wie1_0.needs_handover,wie1_0.owning_team_id,wie1_0.primary_assignee_id,wie1_0.priority,wie1_0.summary,wie1_0.title,wie1_0.work_code,wie1_0.work_status from collab_work_item wie1_0 where wie1_0.work_code=?
2026-04-10T12:46:47.231+09:00 DEBUG 24776 --- [    Test worker] org.hibernate.SQL                        : select te1_0.id,te1_0.active,te1_0.description,te1_0.name,te1_0.team_code from collab_team te1_0 where te1_0.team_code=?
2026-04-10T12:46:47.233+09:00 DEBUG 24776 --- [    Test worker] org.hibernate.SQL                        : select ue1_0.id,ue1_0.active,ue1_0.email,ue1_0.employee_number,ue1_0.name,ue1_0.password_hash,ue1_0.primary_team_id,ue1_0.role_title,ue1_0.user_role from collab_user ue1_0 where ue1_0.employee_number=?
2026-04-10T12:46:47.234+09:00 DEBUG 24776 --- [    Test worker] org.hibernate.SQL                        : insert into collab_work_item (backup_assignee_id,critical_knowledge_risk,due_date,last_reviewed_at,needs_handover,owning_team_id,primary_assignee_id,priority,summary,title,work_code,work_status,id) values (?,?,?,?,?,?,?,?,?,?,?,?,default)
2026-04-10T12:46:47.243+09:00 DEBUG 24776 --- [    Test worker] org.hibernate.SQL                        : select ue1_0.id,ue1_0.active,ue1_0.email,ue1_0.employee_number,ue1_0.name,ue1_0.password_hash,ue1_0.primary_team_id,ue1_0.role_title,ue1_0.user_role from collab_user ue1_0 where ue1_0.employee_number=?
2026-04-10T12:46:47.247+09:00 DEBUG 24776 --- [    Test worker] org.hibernate.SQL                        : select te1_0.id,te1_0.active,te1_0.description,te1_0.name,te1_0.team_code from collab_team te1_0 where te1_0.team_code=?
2026-04-10T12:46:47.249+09:00 DEBUG 24776 --- [    Test worker] org.hibernate.SQL                        : insert into collab_team (active,description,name,team_code,id) values (?,?,?,?,default)
2026-04-10T12:46:47.252+09:00 DEBUG 24776 --- [    Test worker] org.hibernate.SQL                        : select ue1_0.id,ue1_0.active,ue1_0.email,ue1_0.employee_number,ue1_0.name,ue1_0.password_hash,ue1_0.primary_team_id,ue1_0.role_title,ue1_0.user_role from collab_user ue1_0 where ue1_0.employee_number=?
2026-04-10T12:46:47.253+09:00 DEBUG 24776 --- [    Test worker] org.hibernate.SQL                        : select te1_0.id,te1_0.active,te1_0.description,te1_0.name,te1_0.team_code from collab_team te1_0 where te1_0.team_code=?
2026-04-10T12:46:47.323+09:00 DEBUG 24776 --- [    Test worker] org.hibernate.SQL                        : insert into collab_user (active,email,employee_number,name,password_hash,primary_team_id,role_title,user_role,id) values (?,?,?,?,?,?,?,?,default)
2026-04-10T12:46:47.326+09:00 DEBUG 24776 --- [    Test worker] org.hibernate.SQL                        : select wie1_0.id,wie1_0.backup_assignee_id,wie1_0.critical_knowledge_risk,wie1_0.due_date,wie1_0.last_reviewed_at,wie1_0.needs_handover,wie1_0.owning_team_id,wie1_0.primary_assignee_id,wie1_0.priority,wie1_0.summary,wie1_0.title,wie1_0.work_code,wie1_0.work_status from collab_work_item wie1_0 where wie1_0.work_code=?
2026-04-10T12:46:47.327+09:00 DEBUG 24776 --- [    Test worker] org.hibernate.SQL                        : select te1_0.id,te1_0.active,te1_0.description,te1_0.name,te1_0.team_code from collab_team te1_0 where te1_0.team_code=?
2026-04-10T12:46:47.329+09:00 DEBUG 24776 --- [    Test worker] org.hibernate.SQL                        : select ue1_0.id,ue1_0.active,ue1_0.email,ue1_0.employee_number,ue1_0.name,ue1_0.password_hash,ue1_0.primary_team_id,ue1_0.role_title,ue1_0.user_role from collab_user ue1_0 where ue1_0.employee_number=?
2026-04-10T12:46:47.330+09:00 DEBUG 24776 --- [    Test worker] org.hibernate.SQL                        : insert into collab_work_item (backup_assignee_id,critical_knowledge_risk,due_date,last_reviewed_at,needs_handover,owning_team_id,primary_assignee_id,priority,summary,title,work_code,work_status,id) values (?,?,?,?,?,?,?,?,?,?,?,?,default)
2026-04-10T12:46:47.335+09:00 DEBUG 24776 --- [    Test worker] org.hibernate.SQL                        : select ue1_0.id,ue1_0.active,ue1_0.email,ue1_0.employee_number,ue1_0.name,ue1_0.password_hash,ue1_0.primary_team_id,ue1_0.role_title,ue1_0.user_role from collab_user ue1_0 where ue1_0.employee_number=?
2026-04-10T12:46:47.337+09:00 DEBUG 24776 --- [    Test worker] org.hibernate.SQL                        : select wie1_0.id,wie1_0.backup_assignee_id,wie1_0.critical_knowledge_risk,wie1_0.due_date,wie1_0.last_reviewed_at,wie1_0.needs_handover,wie1_0.owning_team_id,wie1_0.primary_assignee_id,wie1_0.priority,wie1_0.summary,wie1_0.title,wie1_0.work_code,wie1_0.work_status from collab_work_item wie1_0 where wie1_0.work_code=?
2026-04-10T12:46:47.340+09:00 DEBUG 24776 --- [    Test worker] org.hibernate.SQL                        : select ue1_0.id,ue1_0.active,ue1_0.email,ue1_0.employee_number,ue1_0.name,ue1_0.password_hash,ue1_0.primary_team_id,ue1_0.role_title,ue1_0.user_role from collab_user ue1_0 where ue1_0.employee_number=?
2026-04-10T12:46:47.343+09:00 DEBUG 24776 --- [    Test worker] org.hibernate.SQL                        : insert into collab_handover_document (author_id,created_at,current_state_summary,handover_notes,key_contacts,last_verified_at,pending_actions,related_systems,risk_notes,title,updated_at,work_item_id,id) values (?,?,?,?,?,?,?,?,?,?,?,?,default)
2026-04-10T12:46:47.347+09:00 DEBUG 24776 --- [    Test worker] org.hibernate.SQL                        : select wie1_0.id,wie1_0.backup_assignee_id,wie1_0.critical_knowledge_risk,wie1_0.due_date,wie1_0.last_reviewed_at,wie1_0.needs_handover,wie1_0.owning_team_id,wie1_0.primary_assignee_id,wie1_0.priority,wie1_0.summary,wie1_0.title,wie1_0.work_code,wie1_0.work_status from collab_work_item wie1_0 where wie1_0.work_code=?
2026-04-10T12:46:47.371+09:00 DEBUG 24776 --- [    Test worker] org.hibernate.SQL                        : select hde1_0.id,hde1_0.author_id,hde1_0.created_at,hde1_0.current_state_summary,hde1_0.handover_notes,hde1_0.key_contacts,hde1_0.last_verified_at,hde1_0.pending_actions,hde1_0.related_systems,hde1_0.risk_notes,hde1_0.title,hde1_0.updated_at,hde1_0.work_item_id from collab_handover_document hde1_0 where hde1_0.work_item_id=? order by hde1_0.updated_at desc
2026-04-10T12:46:47.373+09:00 DEBUG 24776 --- [    Test worker] org.hibernate.SQL                        : select ue1_0.id,ue1_0.active,ue1_0.email,ue1_0.employee_number,ue1_0.name,ue1_0.password_hash,ue1_0.primary_team_id,ue1_0.role_title,ue1_0.user_role from collab_user ue1_0 where ue1_0.id=?
]]></system-out>
  <system-err><![CDATA[]]></system-err>
</testsuite>
